Arguments: 
  /usr/local/bin/node /usr/local/bin/yarn install

PATH: 
  /usr/local/bin:/usr/bin:/bin:/usr/sbin:/sbin:/usr/local/mysql/bin:/usr/local/go/bin:/Users/jason/.cargo/bin

Yarn version: 
  1.22.10

Node version: 
  14.15.5

Platform: 
  darwin x64

Trace: 
  SyntaxError: /Users/jason/Documents/test-lazyLoad/package.json: Unexpected token } in JSON at position 1988
      at JSON.parse (<anonymous>)
      at /usr/local/lib/node_modules/yarn/lib/cli.js:1625:59
      at Generator.next (<anonymous>)
      at step (/usr/local/lib/node_modules/yarn/lib/cli.js:310:30)
      at /usr/local/lib/node_modules/yarn/lib/cli.js:321:13

npm manifest: 
  {
    "name": "ecp-portal-fe",
    "version": "1.0.1646033903627",
    "private": true,
    "scripts": {
      "serve ": "webpack-dev-server  --config webpack.config.js"
    },
    "dependencies": {
      "core-js": "2.6.5",
      "vue": "^2.6.12",
      "vue-router": "^3.2.0"
    },
    "devDependencies": {
      "@babel/core": "^7.15.8",
      "@babel/plugin-proposal-decorators": "^7.15.8",
      "@babel/plugin-proposal-object-rest-spread": "^7.12.1",
      "@babel/plugin-syntax-dynamic-import": "^7.8.3",
      "@babel/preset-env": "^7.15.8",
      "@babel/preset-typescript": "^7.15.0",
      "@babel/register": "^7.16.0",
      "@babel/runtime": "^7.15.4",
      "@types/echarts": "^4.9.12",
      "@types/mocha": "^9.0.0",
      "@types/node": "^16.11.7",
      "@types/webpack-env": "^1.16.3",
      "@typescript-eslint/eslint-plugin": "^5.0.0",
      "@typescript-eslint/parser": "^5.0.0",
      "@vue/eslint-config-standard": "^5.1.2",
      "@vue/test-utils": "^1.2.2",
      "add-asset-html-webpack-plugin": "^3.2.0",
      "babel-eslint": "^10.1.0",
      "babel-loader": "^8.1.0",
      "babel-plugin-component": "^1.1.1",
      "babel-plugin-dynamic-import-node": "^2.3.3",
      "babel-plugin-import": "^1.13.3",
      "babel-polyfill": "^6.26.0",
      "chai": "^4.3.4",
      "clean-webpack-plugin": "^4.0.0",
      "copy-webpack-plugin": "^9.0.1",
      "css-loader": "^5.0.1",
      "html-webpack-plugin": "^5.3.2",
      "jsdom": "^18.0.1",
      "jsdom-global": "^3.0.2",
      "node-polyfill-webpack-plugin": "^1.1.4",
      "nyc": "^15.1.0",
      "path-browserify": "^1.0.1",
      "precss": "^4.0.0",
      "process": "^0.11.10",
      "serve": "^11.3.2",
      "style-loader": "^2.0.0",
      "ts-loader": "^9.2.6",
      "ts-node": "^10.4.0",
      "typescript": "^4.4.3",
      "vue-class-component": "^7.2.6",
      "vue-loader": "^15.9.8",
      "vue-property-decorator": "^9.1.2",
      "vue-template-compiler": "^2.6.14",
      "webpack": "^5.58.0",
      "webpack-cli": "^4.9.0",
      "webpack-dev-server": "^4.3.1",
      "webpack-parallel-uglify-plugin": "^1.1.2",
    },
    "browserslist": [
      "> .2%",
      "last 2 versions",
      "not dead"
    ]
  }

yarn manifest: 
  No manifest

Lockfile: 
  No lockfile
